[debug] [2025-10-05T17:55:15.264Z] ----------------------------------------------------------------------
[debug] [2025-10-05T17:55:15.269Z] Command:       /nix/store/ws50yvm6vzlzf7jzz6n7xh4szddrack1-nodejs-20.19.1/bin/node /nix/store/0yk9nzw3ibqkjc4dy03f3v9nf5rxqylc-firebase-tools-14.18.0/lib/node_modules/firebase-tools/lib/bin/firebase.js init hosting
[debug] [2025-10-05T17:55:15.270Z] CLI Version:   14.18.0
[debug] [2025-10-05T17:55:15.270Z] Platform:      linux
[debug] [2025-10-05T17:55:15.270Z] Node Version:  v20.19.1
[debug] [2025-10-05T17:55:15.271Z] Time:          Sun Oct 05 2025 17:55:15 GMT+0000 (Coordinated Universal Time)
[debug] [2025-10-05T17:55:15.271Z] ----------------------------------------------------------------------
[debug] 
[debug] [2025-10-05T17:55:15.279Z] Checked if tokens are valid: true, expires at: 1759690508962
[debug] [2025-10-05T17:55:15.280Z] Checked if tokens are valid: true, expires at: 1759690508962
[debug] [2025-10-05T17:55:15.284Z] >>> [apiv2][query] GET https://monospace-pa.googleapis.com/v1/workspaces/eco-clay-63626509 [none]
[debug] [2025-10-05T17:55:15.914Z] <<< [apiv2][status] GET https://monospace-pa.googleapis.com/v1/workspaces/eco-clay-63626509 200
[debug] [2025-10-05T17:55:15.915Z] <<< [apiv2][body] GET https://monospace-pa.googleapis.com/v1/workspaces/eco-clay-63626509 {"workspaceId":"eco-clay-63626509","name":"Green Bull Tech","workspaceRedirectUrl":"firebase-eco-clay-1759251150641.cluster-gizzoza7hzhfyxzo5d76y3flkw.cloudworkstations.dev","status":"WORKSPACE_STATUS_RUNNING","lastAccessDatetime":"2025-10-05T17:55:10.869210Z","workspaceTemplate":"WORKSPACE_TEMPLATE_BLANK_WEB","owner":"SELF","serviceAccountEmail":"msp-8317255236755498997@monospace-per-ws-sa-1.iam.gserviceaccount.com","enableNix":true,"ownerEmail":"santiagogabhernandez@gmail.com","workspaceImageUrl":"https://www.gstatic.com/monospace/250314/workspace-blank-192.png","templateArgs":"{}","templateRepoUrl":"file:///usr/local/monospace/templates/public/blank-nix","workstationAccessToken":"eyJhbGciOiJSUzI1NiIsInR5cCI6IkpXVCJ9.eyJpc3MiOiJodHRwczovL2Nsb3VkLmdvb2dsZS5jb20vd29ya3N0YXRpb25zIiwiYXVkIjoiZmlyZWJhc2UtZWNvLWNsYXktMTc1OTI1MTE1MDY0MS5jbHVzdGVyLWdpenpvemE3aHpoZnl4em81ZDc2eTNmbGt3LmNsb3Vkd29ya3N0YXRpb25zLmRldiIsImlhdCI6MTc1OTY4NjkxNSwiZXhwIjoxNzU5NzczMzE1fQ.roUu9IDWIoJIfuzESzftQHNd_xDioPMKkS6f-UuheSVL7_C-ym7DOoQbst74mBq-mCGkEM4ZbiHcPvbY0kIkmnKkyjNSVsVO9z5IV_5x68LrZzFgPwgTXXMQ3VB47VSY5EyMduvdYUmz1qYlzeJW5aHYHGVMv1RVmS40pHnZCbmdxfKFDwjJUru8xCjnsE6Y1kWqJB7_sq7g6RXjaAyALD9hLJ2ZM6_4xrdLqByznVbEoKil5kbXAUeHwOORtTFETi3ZFpen8RXuMiF4aUyO0A8-PHmeJRwL_Ip8B0VGslKzgzgM2ChI26pAkocyOUCsM_bN7O_QSpbPkDXdtP8FNg","firebaseProjectId":"studio-cs93x"}
[debug] [2025-10-05T17:55:15.916Z] > command requires scopes: ["email","openid","https://www.googleapis.com/auth/cloudplatformprojects.readonly","https://www.googleapis.com/auth/firebase","https://www.googleapis.com/auth/cloud-platform","https://www.googleapis.com/auth/userinfo.email"]
[debug] [2025-10-05T17:55:15.917Z] > authorizing via signed-in user (santiagogabhernandez@gmail.com)
[info] 
     ######## #### ########  ######## ########     ###     ######  ########
     ##        ##  ##     ## ##       ##     ##  ##   ##  ##       ##
     ######    ##  ########  ######   ########  #########  ######  ######
     ##        ##  ##    ##  ##       ##     ## ##     ##       ## ##
     ##       #### ##     ## ######## ########  ##     ##  ######  ########

You're about to initialize a Firebase project in this directory:

  /home/user/eco-clay

[info] 
=== Project Setup
[info] 
[info] First, let's associate this project directory with a Firebase project.
[info] You can create multiple project aliases by running firebase use --add, 
[info] but for now we'll just set up a default project.
[info] 
[debug] [2025-10-05T17:55:15.922Z] Using project from CLI flag: studio-cs93x
[debug] [2025-10-05T17:55:15.923Z] Checked if tokens are valid: true, expires at: 1759690508962
[debug] [2025-10-05T17:55:15.923Z] Checked if tokens are valid: true, expires at: 1759690508962
[debug] [2025-10-05T17:55:15.923Z] >>> [apiv2][query] GET https://firebase.googleapis.com/v1beta1/projects/studio-cs93x [none]
[debug] [2025-10-05T17:55:16.198Z] <<< [apiv2][status] GET https://firebase.googleapis.com/v1beta1/projects/studio-cs93x 200
[debug] [2025-10-05T17:55:16.198Z] <<< [apiv2][body] GET https://firebase.googleapis.com/v1beta1/projects/studio-cs93x {"projectId":"studio-cs93x","projectNumber":"404099789177","displayName":"studio","name":"projects/studio-cs93x","resources":{"hostingSite":"studio-cs93x"},"state":"ACTIVE","etag":"1_348546dd-46f6-4e32-b15a-901d1aab660e"}
[info] i  Using project studio-cs93x (studio) 
[info] 
=== Hosting Setup
[debug] [2025-10-05T17:55:16.231Z] Checked if tokens are valid: true, expires at: 1759690508962
[debug] [2025-10-05T17:55:16.231Z] Checked if tokens are valid: true, expires at: 1759690508962
[debug] [2025-10-05T17:55:16.231Z] >>> [apiv2][query] GET https://firebase.googleapis.com/v1beta1/projects/studio-cs93x [none]
[debug] [2025-10-05T17:55:16.490Z] <<< [apiv2][status] GET https://firebase.googleapis.com/v1beta1/projects/studio-cs93x 200
[debug] [2025-10-05T17:55:16.490Z] <<< [apiv2][body] GET https://firebase.googleapis.com/v1beta1/projects/studio-cs93x {"projectId":"studio-cs93x","projectNumber":"404099789177","displayName":"studio","name":"projects/studio-cs93x","resources":{"hostingSite":"studio-cs93x"},"state":"ACTIVE","etag":"1_348546dd-46f6-4e32-b15a-901d1aab660e"}
[debug] [2025-10-05T17:57:01.995Z] Error: Command failed: npx --yes create-next-app@"12 - 15.0" -e hello-world public --use-npm --js
    at genericNodeError (node:internal/errors:984:15)
    at wrappedFn (node:internal/errors:538:14)
    at checkExecSyncError (node:child_process:891:11)
    at execSync (node:child_process:963:15)
    at Object.init (/nix/store/0yk9nzw3ibqkjc4dy03f3v9nf5rxqylc-firebase-tools-14.18.0/lib/node_modules/firebase-tools/lib/frameworks/next/index.js:216:34)
    at async Object.doSetup (/nix/store/0yk9nzw3ibqkjc4dy03f3v9nf5rxqylc-firebase-tools-14.18.0/lib/node_modules/firebase-tools/lib/init/features/hosting/index.js:109:13)
    at async init (/nix/store/0yk9nzw3ibqkjc4dy03f3v9nf5rxqylc-firebase-tools-14.18.0/lib/node_modules/firebase-tools/lib/init/index.js:73:13)
    at async Command.initAction [as actionFn] (/nix/store/0yk9nzw3ibqkjc4dy03f3v9nf5rxqylc-firebase-tools-14.18.0/lib/node_modules/firebase-tools/lib/commands/init.js:221:5)
[error] 
[error] Error: An unexpected error has occurred.
